<?xml version="1.0" encoding="UTF-8"?>
<!-- Generated by org.testng.reporters.JUnitXMLReporter -->
<testsuite ignored="0" hostname="LENOVONF" failures="0" tests="3" name="Test" time="0.08" errors="0" timestamp="2025-12-03T12:30:57 IST">
  <testcase classname="github.GithubPracticeTest" name="githubPracticeTest" time="0.012"/>
  <testcase classname="jenkines.JenkinsPracticeTest" name="jenkinsPracticeTest" time="0.001"/>
  <testcase classname="maven.MavenPracticeTest" name="mavenPracticeTest" time="0.002"/>
</testsuite> <!-- Test -->
