<?xml version="1.0" encoding="UTF-8"?>
<testng-results ignored="0" total="3" passed="3" failed="0" skipped="0">
  <reporter-output>
    <line>
      <![CDATA[HII GITHUB]]>
    </line>
    <line>
      <![CDATA[HII JENKINS]]>
    </line>
    <line>
      <![CDATA[HII MAVEN]]>
    </line>
  </reporter-output>
  <suite started-at="2025-12-03T12:30:57 IST" name="Suite" finished-at="2025-12-03T12:30:57 IST" duration-ms="80">
    <groups>
    </groups>
    <test started-at="2025-12-03T12:30:57 IST" name="Test" finished-at="2025-12-03T12:30:57 IST" duration-ms="80">
      <class name="maven.MavenPracticeTest">
        <test-method signature="mavenPracticeTest()[pri:0, instance:maven.MavenPracticeTest@2ea41516]" started-at="2025-12-03T12:30:57 IST" name="mavenPracticeTest" finished-at="2025-12-03T12:30:57 IST" duration-ms="2" status="PASS">
          <reporter-output>
            <line>
              <![CDATA[HII MAVEN]]>
            </line>
          </reporter-output>
        </test-method> <!-- mavenPracticeTest -->
      </class> <!-- maven.MavenPracticeTest -->
      <class name="jenkines.JenkinsPracticeTest">
        <test-method signature="jenkinsPracticeTest()[pri:0, instance:jenkines.JenkinsPracticeTest@3ee37e5a]" started-at="2025-12-03T12:30:57 IST" name="jenkinsPracticeTest" finished-at="2025-12-03T12:30:57 IST" duration-ms="1" status="PASS">
          <reporter-output>
            <line>
              <![CDATA[HII JENKINS]]>
            </line>
          </reporter-output>
        </test-method> <!-- jenkinsPracticeTest -->
      </class> <!-- jenkines.JenkinsPracticeTest -->
      <class name="github.GithubPracticeTest">
        <test-method signature="githubPracticeTest()[pri:0, instance:github.GithubPracticeTest@2ed2d9cb]" started-at="2025-12-03T12:30:57 IST" name="githubPracticeTest" finished-at="2025-12-03T12:30:57 IST" duration-ms="12" status="PASS">
          <reporter-output>
            <line>
              <![CDATA[HII GITHUB]]>
            </line>
          </reporter-output>
        </test-method> <!-- githubPracticeTest -->
      </class> <!-- github.GithubPracticeTest -->
    </test> <!-- Test -->
  </suite> <!-- Suite -->
</testng-results>
