<?xml version="1.0" encoding="UTF-8"?>
<!-- Generated by org.testng.reporters.JUnitReportReporter -->
<testsuite hostname="LENOVONF" failures="0" tests="1" name="maven.MavenPracticeTest" time="0.002" errors="0" timestamp="2025-12-03T12:30:57 IST" skipped="0">
  <testcase classname="maven.MavenPracticeTest" name="mavenPracticeTest" time="0.002">
    <system-out>
      <![CDATA[HII MAVEN]]>
    </system-out>
  </testcase> <!-- mavenPracticeTest -->
  <system-out>
    <![CDATA[HII GITHUB
HII JENKINS
HII MAVEN]]>
  </system-out>
</testsuite> <!-- maven.MavenPracticeTest -->
