<?xml version="1.0" encoding="UTF-8"?>
<!-- Generated by org.testng.reporters.JUnitReportReporter -->
<testsuite hostname="LENOVONF" failures="0" tests="1" name="jenkines.JenkinsPracticeTest" time="0.001" errors="0" timestamp="2025-12-03T12:30:57 IST" skipped="0">
  <testcase classname="jenkines.JenkinsPracticeTest" name="jenkinsPracticeTest" time="0.001">
    <system-out>
      <![CDATA[HII JENKINS]]>
    </system-out>
  </testcase> <!-- jenkinsPracticeTest -->
  <system-out>
    <![CDATA[HII GITHUB
HII JENKINS
HII MAVEN]]>
  </system-out>
</testsuite> <!-- jenkines.JenkinsPracticeTest -->
