<?xml version="1.0" encoding="UTF-8"?>
<!-- Generated by org.testng.reporters.JUnitReportReporter -->
<testsuite hostname="LENOVONF" failures="0" tests="1" name="github.GithubPracticeTest" time="0.012" errors="0" timestamp="2025-12-03T12:30:57 IST" skipped="0">
  <testcase classname="github.GithubPracticeTest" name="githubPracticeTest" time="0.012">
    <system-out>
      <![CDATA[HII GITHUB]]>
    </system-out>
  </testcase> <!-- githubPracticeTest -->
  <system-out>
    <![CDATA[HII GITHUB
HII JENKINS
HII MAVEN]]>
  </system-out>
</testsuite> <!-- github.GithubPracticeTest -->
